2025-08-13 20:26:32 [main] INFO  org.testng.internal.Utils - [TestNG] Running:
  C:\Users\kitan\Myworkspaces\SeleniumWebdriver\OpencartV121\master.xml

2025-08-13 20:26:49 [main] INFO  testCases.TC001_AccountRegistrationTest - **** Starting TC001_AccountRegistrationTest ****
2025-08-13 20:26:49 [main] ERROR testCases.TC001_AccountRegistrationTest - Test failed...
2025-08-13 20:27:40 [main] INFO  org.testng.internal.Utils - [TestNG] Running:
  C:\Users\kitan\Myworkspaces\SeleniumWebdriver\OpencartV121\master.xml

2025-08-13 20:28:34 [main] INFO  testCases.TC001_AccountRegistrationTest - **** Starting TC001_AccountRegistrationTest ****
2025-08-13 20:28:34 [main] ERROR testCases.TC001_AccountRegistrationTest - Test failed...
2025-08-13 20:29:08 [main] INFO  org.testng.internal.Utils - [TestNG] Running:
  C:\Users\kitan\Myworkspaces\SeleniumWebdriver\OpencartV121\master.xml

2025-08-13 20:29:17 [main] INFO  testCases.TC001_AccountRegistrationTest - **** Starting TC001_AccountRegistrationTest ****
2025-08-13 20:29:17 [main] ERROR testCases.TC001_AccountRegistrationTest - Test failed...
2025-08-13 20:29:49 [main] INFO  org.testng.internal.Utils - [TestNG] Running:
  C:\Users\kitan\Myworkspaces\SeleniumWebdriver\OpencartV121\master.xml

2025-08-13 20:30:20 [main] INFO  org.testng.internal.Utils - [TestNG] Running:
  C:\Users\kitan\Myworkspaces\SeleniumWebdriver\OpencartV121\master.xml

2025-08-13 21:23:21 [main] INFO  org.testng.internal.Utils - [TestNG] Running:
  C:\Users\kitan\Myworkspaces\SeleniumWebdriver\OpencartV121\crossbrowsertesting.xml

2025-08-13 21:23:37 [main] INFO  testCases.TC001_AccountRegistrationTest - **** Starting TC001_AccountRegistrationTest ****
2025-08-13 21:23:37 [main] ERROR testCases.TC001_AccountRegistrationTest - Test failed...
2025-08-13 21:23:47 [main] INFO  testCases.TC001_AccountRegistrationTest - **** Starting TC001_AccountRegistrationTest ****
2025-08-13 21:23:47 [main] ERROR testCases.TC001_AccountRegistrationTest - Test failed...
2025-08-13 21:25:54 [main] INFO  org.testng.internal.Utils - [TestNG] Running:
  C:\Users\kitan\Myworkspaces\SeleniumWebdriver\OpencartV121\crossbrowsertesting.xml

2025-08-13 21:26:03 [TestNG-tests-1] INFO  testCases.TC001_AccountRegistrationTest - **** Starting TC001_AccountRegistrationTest ****
2025-08-13 21:26:03 [TestNG-tests-1] ERROR testCases.TC001_AccountRegistrationTest - Test failed...
2025-08-13 21:26:04 [TestNG-tests-3] INFO  testCases.TC001_AccountRegistrationTest - **** Starting TC001_AccountRegistrationTest ****
2025-08-13 21:26:04 [TestNG-tests-3] ERROR testCases.TC001_AccountRegistrationTest - Test failed...
2025-08-13 21:28:55 [main] INFO  org.testng.internal.Utils - [TestNG] Running:
  C:\Users\kitan\Myworkspaces\SeleniumWebdriver\OpencartV121\crossbrowsertesting.xml

2025-08-13 21:29:06 [TestNG-tests-3] INFO  testCases.TC001_AccountRegistrationTest - **** Starting TC001_AccountRegistrationTest ****
2025-08-13 21:29:06 [TestNG-tests-3] ERROR testCases.TC001_AccountRegistrationTest - Test failed...
2025-08-13 21:29:07 [TestNG-tests-1] INFO  testCases.TC001_AccountRegistrationTest - **** Starting TC001_AccountRegistrationTest ****
2025-08-13 21:29:07 [TestNG-tests-1] ERROR testCases.TC001_AccountRegistrationTest - Test failed...
2025-08-13 22:57:02 [main] INFO  org.testng.internal.Utils - [TestNG] Running:
  C:\Users\kitan\Myworkspaces\SeleniumWebdriver\OpencartV121\master.xml

2025-08-13 22:57:02 [main] INFO  testCases.TC001_AccountRegistrationTest - **** Starting TC001_AccountRegistrationTest ****
2025-08-13 22:57:02 [main] ERROR testCases.TC001_AccountRegistrationTest - Test failed...
2025-08-14 14:12:03 [main] INFO  org.testng.internal.Utils - [TestNG] Running:
  C:\Users\kitan\Myworkspaces\SeleniumWebdriver\OpencartV121\master.xml

2025-08-14 14:12:03 [main] INFO  testCases.TC002_LoginTest - ****** Starting TC002_LoginTest ******
2025-08-14 14:12:40 [main] INFO  org.testng.internal.Utils - [TestNG] Running:
  C:\Users\kitan\Myworkspaces\SeleniumWebdriver\OpencartV121\master.xml

2025-08-14 14:12:47 [main] INFO  testCases.TC002_LoginTest - ****** Starting TC002_LoginTest ******
2025-08-14 14:12:49 [main] INFO  testCases.TC002_LoginTest - ****** Finished TC002_LoginTest ******
2025-08-14 14:15:38 [main] INFO  org.testng.internal.Utils - [Utils] MethodGroupsHelper.collectMethodsByGroup() took 0 ms.
2025-08-14 14:15:38 [main] INFO  org.testng.internal.Utils - [Utils] MethodGroupsHelper.sortMethods() took 1 ms.
2025-08-14 14:15:38 [main] INFO  org.testng.internal.Utils - [Utils] MethodGroupsHelper.collectMethodsByGroup() took 0 ms.
2025-08-14 14:15:38 [main] INFO  org.testng.internal.Utils - [Utils] MethodGroupsHelper.sortMethods() took 0 ms.
2025-08-14 14:15:38 [main] INFO  org.testng.internal.Utils - [Utils] MethodGroupsHelper.collectMethodsByGroup() took 0 ms.
2025-08-14 14:15:38 [main] INFO  org.testng.internal.Utils - [Utils] MethodGroupsHelper.sortMethods() took 0 ms.
2025-08-14 14:15:38 [main] INFO  org.testng.internal.Utils - [Utils] MethodGroupsHelper.collectMethodsByGroup() took 0 ms.
2025-08-14 14:15:38 [main] INFO  org.testng.internal.Utils - [Utils] MethodGroupsHelper.sortMethods() took 0 ms.
2025-08-14 14:15:38 [main] INFO  org.testng.internal.Utils - [Utils] MethodGroupsHelper.collectMethodsByGroup() took 8 ms.
2025-08-14 14:15:38 [main] INFO  org.testng.internal.Utils - [Utils] MethodGroupsHelper.sortMethods() took 11 ms.
2025-08-14 14:15:38 [main] INFO  org.testng.internal.Utils - [Utils] MethodGroupsHelper.collectMethodsByGroup() took 0 ms.
2025-08-14 14:15:38 [main] INFO  org.testng.internal.Utils - [Utils] MethodGroupsHelper.sortMethods() took 1 ms.
2025-08-14 14:15:38 [main] INFO  org.testng.internal.Utils - [Utils] MethodGroupsHelper.collectMethodsByGroup() took 0 ms.
2025-08-14 14:15:38 [main] INFO  org.testng.internal.Utils - [Utils] MethodGroupsHelper.sortMethods() took 0 ms.
2025-08-14 14:15:38 [main] INFO  org.testng.internal.Utils - [Utils] MethodGroupsHelper.collectMethodsByGroup() took 0 ms.
2025-08-14 14:15:38 [main] INFO  org.testng.internal.Utils - [Utils] MethodGroupsHelper.sortMethods() took 0 ms.
2025-08-14 14:15:38 [main] INFO  org.testng.internal.Utils - [Utils] MethodGroupsHelper.collectMethodsByGroup() took 0 ms.
2025-08-14 14:15:38 [main] INFO  org.testng.internal.Utils - [Utils] MethodGroupsHelper.sortMethods() took 0 ms.
2025-08-14 14:15:38 [main] INFO  org.testng.internal.Utils - [Utils] MethodGroupsHelper.collectMethodsByGroup() took 0 ms.
2025-08-14 14:15:38 [main] INFO  org.testng.internal.Utils - [Utils] MethodGroupsHelper.sortMethods() took 0 ms.
2025-08-14 14:15:38 [main] INFO  org.testng.internal.Utils - [Utils] MethodGroupsHelper.collectMethodsByGroup() took 0 ms.
2025-08-14 14:15:38 [main] INFO  org.testng.internal.Utils - [Utils] MethodGroupsHelper.sortMethods() took 0 ms.
2025-08-14 14:15:38 [main] INFO  org.testng.internal.Utils - [Utils] MethodGroupsHelper.collectMethodsByGroup() took 0 ms.
2025-08-14 14:15:38 [main] INFO  org.testng.internal.Utils - [Utils] MethodGroupsHelper.sortMethods() took 0 ms.
2025-08-14 14:15:38 [main] INFO  org.testng.internal.Utils - [Utils] MethodGroupsHelper.collectMethodsByGroup() took 0 ms.
2025-08-14 14:15:38 [main] INFO  org.testng.internal.Utils - [Utils] MethodGroupsHelper.sortMethods() took 0 ms.
2025-08-14 14:15:38 [main] INFO  org.testng.internal.Utils - [Utils] MethodGroupsHelper.collectMethodsByGroup() took 0 ms.
2025-08-14 14:15:38 [main] INFO  org.testng.internal.Utils - [Utils] MethodGroupsHelper.sortMethods() took 0 ms.
2025-08-14 14:15:38 [main] INFO  org.testng.internal.Utils - [Utils] MethodGroupsHelper.collectMethodsByGroup() took 0 ms.
2025-08-14 14:15:38 [main] INFO  org.testng.internal.Utils - [Utils] MethodGroupsHelper.sortMethods() took 0 ms.
2025-08-14 14:15:38 [main] INFO  org.testng.internal.Utils - [TestNG] Running:
  C:\Users\kitan\AppData\Local\Temp\testng-eclipse-1256867949\testng-customsuite.xml

2025-08-14 14:15:38 [main] INFO  org.testng.internal.Utils - [Utils] DynamicGraphHelper.createDynamicGraph() took 5 ms.
2025-08-14 14:15:38 [main] INFO  org.testng.internal.Utils - [TestNG] Time taken by org.testng.reporters.jq.Main@2f6e28bc: 129 ms
2025-08-14 14:15:38 [main] INFO  org.testng.internal.Utils - [TestNG] Time taken by org.testng.reporters.FailedReporter@2a2c13a8: 43 ms
2025-08-14 14:15:38 [main] INFO  org.testng.internal.Utils - [TestNG] Time taken by org.testng.reporters.XMLReporter@6da00fb9: 12 ms
2025-08-14 14:15:38 [main] INFO  org.testng.internal.Utils - [TestNG] Time taken by org.testng.reporters.EmailableReporter2@1021f6c9: 10 ms
2025-08-14 14:15:38 [main] INFO  org.testng.internal.Utils - [TestNG] Time taken by org.testng.reporters.JUnitReportReporter@6f0b0a5e: 8 ms
2025-08-14 14:15:38 [main] INFO  org.testng.internal.Utils - [TestNG] Time taken by org.testng.internal.ExitCodeListener@6035b93b: 0 ms
2025-08-14 14:16:23 [main] INFO  org.testng.internal.Utils - [Utils] MethodGroupsHelper.collectMethodsByGroup() took 1 ms.
2025-08-14 14:16:23 [main] INFO  org.testng.internal.Utils - [Utils] MethodGroupsHelper.sortMethods() took 2 ms.
2025-08-14 14:16:23 [main] INFO  org.testng.internal.Utils - [Utils] MethodGroupsHelper.collectMethodsByGroup() took 0 ms.
2025-08-14 14:16:23 [main] INFO  org.testng.internal.Utils - [Utils] MethodGroupsHelper.sortMethods() took 0 ms.
2025-08-14 14:16:23 [main] INFO  org.testng.internal.Utils - [Utils] MethodGroupsHelper.collectMethodsByGroup() took 0 ms.
2025-08-14 14:16:23 [main] INFO  org.testng.internal.Utils - [Utils] MethodGroupsHelper.sortMethods() took 0 ms.
2025-08-14 14:16:23 [main] INFO  org.testng.internal.Utils - [Utils] MethodGroupsHelper.collectMethodsByGroup() took 0 ms.
2025-08-14 14:16:23 [main] INFO  org.testng.internal.Utils - [Utils] MethodGroupsHelper.sortMethods() took 0 ms.
2025-08-14 14:16:23 [main] INFO  org.testng.internal.Utils - [Utils] MethodGroupsHelper.collectMethodsByGroup() took 8 ms.
2025-08-14 14:16:23 [main] INFO  org.testng.internal.Utils - [Utils] MethodGroupsHelper.sortMethods() took 12 ms.
2025-08-14 14:16:23 [main] INFO  org.testng.internal.Utils - [Utils] MethodGroupsHelper.collectMethodsByGroup() took 1 ms.
2025-08-14 14:16:23 [main] INFO  org.testng.internal.Utils - [Utils] MethodGroupsHelper.sortMethods() took 0 ms.
2025-08-14 14:16:23 [main] INFO  org.testng.internal.Utils - [Utils] MethodGroupsHelper.collectMethodsByGroup() took 0 ms.
2025-08-14 14:16:23 [main] INFO  org.testng.internal.Utils - [Utils] MethodGroupsHelper.sortMethods() took 0 ms.
2025-08-14 14:16:23 [main] INFO  org.testng.internal.Utils - [Utils] MethodGroupsHelper.collectMethodsByGroup() took 0 ms.
2025-08-14 14:16:23 [main] INFO  org.testng.internal.Utils - [Utils] MethodGroupsHelper.sortMethods() took 0 ms.
2025-08-14 14:16:23 [main] INFO  org.testng.internal.Utils - [Utils] MethodGroupsHelper.collectMethodsByGroup() took 0 ms.
2025-08-14 14:16:23 [main] INFO  org.testng.internal.Utils - [Utils] MethodGroupsHelper.sortMethods() took 0 ms.
2025-08-14 14:16:23 [main] INFO  org.testng.internal.Utils - [Utils] MethodGroupsHelper.collectMethodsByGroup() took 0 ms.
2025-08-14 14:16:23 [main] INFO  org.testng.internal.Utils - [Utils] MethodGroupsHelper.sortMethods() took 0 ms.
2025-08-14 14:16:23 [main] INFO  org.testng.internal.Utils - [Utils] MethodGroupsHelper.collectMethodsByGroup() took 0 ms.
2025-08-14 14:16:23 [main] INFO  org.testng.internal.Utils - [Utils] MethodGroupsHelper.sortMethods() took 0 ms.
2025-08-14 14:16:23 [main] INFO  org.testng.internal.Utils - [Utils] MethodGroupsHelper.collectMethodsByGroup() took 0 ms.
2025-08-14 14:16:23 [main] INFO  org.testng.internal.Utils - [Utils] MethodGroupsHelper.sortMethods() took 0 ms.
2025-08-14 14:16:23 [main] INFO  org.testng.internal.Utils - [Utils] MethodGroupsHelper.collectMethodsByGroup() took 0 ms.
2025-08-14 14:16:23 [main] INFO  org.testng.internal.Utils - [Utils] MethodGroupsHelper.sortMethods() took 1 ms.
2025-08-14 14:16:23 [main] INFO  org.testng.internal.Utils - [Utils] MethodGroupsHelper.collectMethodsByGroup() took 0 ms.
2025-08-14 14:16:23 [main] INFO  org.testng.internal.Utils - [Utils] MethodGroupsHelper.sortMethods() took 0 ms.
2025-08-14 14:16:23 [main] INFO  org.testng.internal.Utils - [Utils] MethodGroupsHelper.collectMethodsByGroup() took 0 ms.
2025-08-14 14:16:23 [main] INFO  org.testng.internal.Utils - [Utils] MethodGroupsHelper.sortMethods() took 0 ms.
2025-08-14 14:16:23 [main] INFO  org.testng.internal.Utils - [TestNG] Running:
  C:\Users\kitan\AppData\Local\Temp\testng-eclipse--1032910673\testng-customsuite.xml

2025-08-14 14:16:23 [main] INFO  org.testng.internal.Utils - [Utils] DynamicGraphHelper.createDynamicGraph() took 5 ms.
2025-08-14 14:16:24 [main] INFO  org.testng.internal.Utils - [TestNG] Time taken by org.testng.reporters.jq.Main@765f05af: 136 ms
2025-08-14 14:16:24 [main] INFO  org.testng.internal.Utils - [TestNG] Time taken by org.testng.reporters.FailedReporter@3543df7d: 72 ms
2025-08-14 14:16:24 [main] INFO  org.testng.internal.Utils - [TestNG] Time taken by org.testng.reporters.XMLReporter@13cf7d52: 27 ms
2025-08-14 14:16:24 [main] INFO  org.testng.internal.Utils - [TestNG] Time taken by org.testng.reporters.EmailableReporter2@3fa2213: 9 ms
2025-08-14 14:16:24 [main] INFO  org.testng.internal.Utils - [TestNG] Time taken by org.testng.reporters.JUnitReportReporter@1a7288a3: 8 ms
2025-08-14 14:16:24 [main] INFO  org.testng.internal.Utils - [TestNG] Time taken by org.testng.internal.ExitCodeListener@2974f221: 0 ms
2025-08-14 14:16:46 [main] INFO  org.testng.internal.Utils - [TestNG] Running:
  C:\Users\kitan\Myworkspaces\SeleniumWebdriver\OpencartV121\master.xml

2025-08-14 14:16:50 [main] INFO  testCases.TC002_LoginTest - ****** Starting TC002_LoginTest ******
2025-08-14 14:16:52 [main] INFO  testCases.TC002_LoginTest - ****** Finished TC002_LoginTest ******
2025-08-14 14:17:28 [main] INFO  org.testng.internal.Utils - [TestNG] Running:
  C:\Users\kitan\Myworkspaces\SeleniumWebdriver\OpencartV121\master.xml

2025-08-14 14:17:33 [main] INFO  testCases.TC002_LoginTest - ****** Starting TC002_LoginTest ******
2025-08-14 14:17:35 [main] INFO  testCases.TC002_LoginTest - ****** Finished TC002_LoginTest ******
2025-08-14 16:01:22 [main] INFO  org.testng.internal.Utils - [TestNG] Running:
  C:\Users\kitan\Myworkspaces\SeleniumWebdriver\OpencartV121\master.xml

2025-08-14 16:01:32 [main] INFO  testCases.TC003_LoginDDT - **** Starting TC003_LoginDDT ****
2025-08-14 16:01:34 [main] INFO  testCases.TC003_LoginDDT - **** Finished TC003_LoginDDT ****
2025-08-14 16:01:34 [main] INFO  testCases.TC003_LoginDDT - **** Starting TC003_LoginDDT ****
2025-08-14 16:01:45 [main] INFO  testCases.TC003_LoginDDT - **** Starting TC003_LoginDDT ****
2025-08-14 16:01:47 [main] INFO  testCases.TC003_LoginDDT - **** Starting TC003_LoginDDT ****
2025-08-14 16:01:59 [main] INFO  testCases.TC003_LoginDDT - **** Finished TC003_LoginDDT ****
2025-08-14 16:01:59 [main] INFO  testCases.TC003_LoginDDT - **** Starting TC003_LoginDDT ****
2025-08-14 16:02:02 [main] INFO  testCases.TC003_LoginDDT - **** Finished TC003_LoginDDT ****
2025-08-14 16:05:52 [main] INFO  org.testng.internal.Utils - [TestNG] Running:
  C:\Users\kitan\Myworkspaces\SeleniumWebdriver\OpencartV121\master.xml

2025-08-14 16:05:58 [main] INFO  testCases.TC003_LoginDDT - **** Starting TC003_LoginDDT ****
2025-08-14 16:06:01 [main] INFO  testCases.TC003_LoginDDT - **** Finished TC003_LoginDDT ****
2025-08-14 16:06:01 [main] INFO  testCases.TC003_LoginDDT - **** Starting TC003_LoginDDT ****
2025-08-14 16:06:12 [main] INFO  testCases.TC003_LoginDDT - **** Starting TC003_LoginDDT ****
2025-08-14 16:06:14 [main] INFO  testCases.TC003_LoginDDT - **** Starting TC003_LoginDDT ****
2025-08-14 16:06:26 [main] INFO  testCases.TC003_LoginDDT - **** Finished TC003_LoginDDT ****
2025-08-14 16:06:26 [main] INFO  testCases.TC003_LoginDDT - **** Starting TC003_LoginDDT ****
2025-08-14 16:06:29 [main] INFO  testCases.TC003_LoginDDT - **** Finished TC003_LoginDDT ****
2025-08-14 16:08:30 [main] INFO  org.testng.internal.Utils - [TestNG] Running:
  C:\Users\kitan\Myworkspaces\SeleniumWebdriver\OpencartV121\master.xml

2025-08-14 16:08:36 [main] INFO  testCases.TC003_LoginDDT - **** Starting TC003_LoginDDT ****
2025-08-14 16:08:39 [main] INFO  testCases.TC003_LoginDDT - **** Finished TC003_LoginDDT ****
2025-08-14 16:08:39 [main] INFO  testCases.TC003_LoginDDT - **** Starting TC003_LoginDDT ****
2025-08-14 16:08:49 [main] INFO  testCases.TC003_LoginDDT - **** Starting TC003_LoginDDT ****
2025-08-14 16:08:52 [main] INFO  testCases.TC003_LoginDDT - **** Starting TC003_LoginDDT ****
2025-08-14 16:09:04 [main] INFO  testCases.TC003_LoginDDT - **** Finished TC003_LoginDDT ****
2025-08-14 16:09:04 [main] INFO  testCases.TC003_LoginDDT - **** Starting TC003_LoginDDT ****
2025-08-14 16:09:07 [main] INFO  testCases.TC003_LoginDDT - **** Finished TC003_LoginDDT ****
2025-08-14 16:14:48 [main] INFO  org.testng.internal.Utils - [TestNG] Running:
  C:\Users\kitan\Myworkspaces\SeleniumWebdriver\OpencartV121\master.xml

2025-08-14 16:14:53 [main] INFO  testCases.TC003_LoginDDT - **** Starting TC003_LoginDDT ****
2025-08-14 16:14:59 [main] INFO  testCases.TC003_LoginDDT - **** Finished TC003_LoginDDT ****
2025-08-14 16:14:59 [main] INFO  testCases.TC003_LoginDDT - **** Starting TC003_LoginDDT ****
2025-08-14 16:15:02 [main] INFO  testCases.TC003_LoginDDT - **** Starting TC003_LoginDDT ****
2025-08-14 16:15:08 [main] INFO  testCases.TC003_LoginDDT - **** Starting TC003_LoginDDT ****
2025-08-14 16:15:23 [main] INFO  testCases.TC003_LoginDDT - **** Finished TC003_LoginDDT ****
2025-08-14 16:15:23 [main] INFO  testCases.TC003_LoginDDT - **** Starting TC003_LoginDDT ****
2025-08-14 16:15:29 [main] INFO  testCases.TC003_LoginDDT - **** Finished TC003_LoginDDT ****
2025-08-14 16:17:06 [main] INFO  org.testng.internal.Utils - [TestNG] Running:
  C:\Users\kitan\Myworkspaces\SeleniumWebdriver\OpencartV121\master.xml

2025-08-14 16:17:11 [main] INFO  testCases.TC003_LoginDDT - **** Starting TC003_LoginDDT ****
2025-08-14 16:17:17 [main] INFO  testCases.TC003_LoginDDT - **** Finished TC003_LoginDDT ****
2025-08-14 16:17:17 [main] INFO  testCases.TC003_LoginDDT - **** Starting TC003_LoginDDT ****
2025-08-14 16:17:21 [main] INFO  testCases.TC003_LoginDDT - **** Starting TC003_LoginDDT ****
2025-08-14 16:17:24 [main] INFO  testCases.TC003_LoginDDT - **** Starting TC003_LoginDDT ****
2025-08-14 16:17:38 [main] INFO  testCases.TC003_LoginDDT - **** Finished TC003_LoginDDT ****
2025-08-14 16:17:38 [main] INFO  testCases.TC003_LoginDDT - **** Starting TC003_LoginDDT ****
2025-08-14 16:17:45 [main] INFO  testCases.TC003_LoginDDT - **** Finished TC003_LoginDDT ****
2025-08-14 16:18:52 [main] INFO  org.testng.internal.Utils - [TestNG] Running:
  C:\Users\kitan\Myworkspaces\SeleniumWebdriver\OpencartV121\master.xml

2025-08-14 16:18:58 [main] INFO  testCases.TC003_LoginDDT - **** Starting TC003_LoginDDT ****
2025-08-14 16:19:05 [main] INFO  testCases.TC003_LoginDDT - **** Finished TC003_LoginDDT ****
2025-08-14 16:19:05 [main] INFO  testCases.TC003_LoginDDT - **** Starting TC003_LoginDDT ****
2025-08-14 16:19:11 [main] INFO  testCases.TC003_LoginDDT - **** Finished TC003_LoginDDT ****
2025-08-14 16:19:11 [main] INFO  testCases.TC003_LoginDDT - **** Starting TC003_LoginDDT ****
2025-08-14 16:19:17 [main] INFO  testCases.TC003_LoginDDT - **** Finished TC003_LoginDDT ****
2025-08-14 16:19:17 [main] INFO  testCases.TC003_LoginDDT - **** Starting TC003_LoginDDT ****
2025-08-14 16:19:31 [main] INFO  testCases.TC003_LoginDDT - **** Finished TC003_LoginDDT ****
2025-08-14 16:19:31 [main] INFO  testCases.TC003_LoginDDT - **** Starting TC003_LoginDDT ****
2025-08-14 16:19:37 [main] INFO  testCases.TC003_LoginDDT - **** Finished TC003_LoginDDT ****
2025-08-14 19:12:01 [main] INFO  org.testng.internal.Utils - [TestNG] Running:
  C:\Users\kitan\Myworkspaces\SeleniumWebdriver\OpencartV121\grouping.xml

2025-08-14 19:12:12 [main] INFO  testCases.TC001_AccountRegistrationTest - **** Starting TC001_AccountRegistrationTest ****
2025-08-14 19:12:12 [main] ERROR testCases.TC001_AccountRegistrationTest - Test failed...
2025-08-14 19:12:17 [main] INFO  testCases.TC002_LoginTest - ****** Starting TC002_LoginTest ******
2025-08-14 19:12:19 [main] INFO  testCases.TC002_LoginTest - ****** Finished TC002_LoginTest ******
2025-08-14 19:22:42 [main] INFO  org.testng.internal.Utils - [TestNG] Running:
  C:\Users\kitan\Myworkspaces\SeleniumWebdriver\OpencartV121\grouping.xml

2025-08-14 19:22:46 [main] INFO  testCases.TC002_LoginTest - ****** Starting TC002_LoginTest ******
2025-08-14 19:22:48 [main] INFO  testCases.TC002_LoginTest - ****** Finished TC002_LoginTest ******
2025-08-14 19:38:10 [main] INFO  org.testng.internal.Utils - [TestNG] Running:
  C:\Users\kitan\Myworkspaces\SeleniumWebdriver\OpencartV121\grouping.xml

2025-08-14 19:38:15 [main] INFO  testCases.TC002_LoginTest - ****** Starting TC002_LoginTest ******
2025-08-14 19:38:17 [main] INFO  testCases.TC002_LoginTest - ****** Finished TC002_LoginTest ******
2025-08-14 19:47:22 [main] INFO  org.testng.internal.Utils - [TestNG] Running:
  C:\Users\kitan\Myworkspaces\SeleniumWebdriver\OpencartV121\master.xml

2025-08-14 19:47:26 [main] INFO  testCases.TC001_AccountRegistrationTest - **** Starting TC001_AccountRegistrationTest ****
2025-08-14 19:47:26 [main] ERROR testCases.TC001_AccountRegistrationTest - Test failed...
2025-08-14 19:47:31 [main] INFO  testCases.TC002_LoginTest - ****** Starting TC002_LoginTest ******
2025-08-14 19:47:32 [main] INFO  testCases.TC002_LoginTest - ****** Finished TC002_LoginTest ******
2025-08-15 14:49:23 [main] INFO  org.testng.internal.Utils - [TestNG] Running:
  C:\Users\kitan\Myworkspaces\SeleniumWebdriver\OpencartV121\grouping.xml

2025-08-15 14:49:29 [main] INFO  testCases.TC001_AccountRegistrationTest - **** Starting TC001_AccountRegistrationTest ****
2025-08-15 14:49:29 [main] ERROR testCases.TC001_AccountRegistrationTest - Test failed...
2025-08-15 14:49:32 [main] INFO  testCases.TC002_LoginTest - ****** Starting TC002_LoginTest ******
2025-08-15 14:49:33 [main] INFO  testCases.TC002_LoginTest - ****** Finished TC002_LoginTest ******
2025-08-15 15:13:56 [main] INFO  org.testng.internal.Utils - [TestNG] Running:
  C:\Users\kitan\Myworkspaces\SeleniumWebdriver\OpencartV121\master.xml

2025-08-15 15:14:00 [main] INFO  testCases.TC001_AccountRegistrationTest - **** Starting TC001_AccountRegistrationTest  ****
2025-08-15 15:14:00 [main] ERROR testCases.TC001_AccountRegistrationTest - Test failed: Cannot invoke "org.openqa.selenium.SearchContext.findElement(org.openqa.selenium.By)" because "this.searchContext" is null
2025-08-15 15:14:00 [main] INFO  testCases.TC001_AccountRegistrationTest - ***** Finished TC001_AccountRegistrationTest *****
2025-08-15 15:14:04 [main] INFO  testCases.TC002_LoginTest - ****** Starting TC002_LoginTest ******
2025-08-15 15:14:06 [main] INFO  testCases.TC002_LoginTest - ****** Finished TC002_LoginTest ******
2025-08-15 15:16:29 [main] INFO  org.testng.internal.Utils - [TestNG] Running:
  C:\Users\kitan\Myworkspaces\SeleniumWebdriver\OpencartV121\grouping.xml

2025-08-15 15:16:33 [main] INFO  testCases.TC001_AccountRegistrationTest - **** Starting TC001_AccountRegistrationTest  ****
2025-08-15 15:16:33 [main] ERROR testCases.TC001_AccountRegistrationTest - Test failed: Cannot invoke "org.openqa.selenium.SearchContext.findElement(org.openqa.selenium.By)" because "this.searchContext" is null
2025-08-15 15:16:33 [main] INFO  testCases.TC001_AccountRegistrationTest - ***** Finished TC001_AccountRegistrationTest *****
2025-08-15 15:16:36 [main] INFO  testCases.TC002_LoginTest - ****** Starting TC002_LoginTest ******
2025-08-15 15:16:38 [main] INFO  testCases.TC002_LoginTest - ****** Finished TC002_LoginTest ******
2025-08-17 16:29:44 [main] INFO  org.testng.internal.Utils - [TestNG] Running:
  C:\Users\kitan\Myworkspaces\SeleniumWebdriver\OpencartV121\master.xml

2025-08-17 16:29:50 [main] INFO  testCases.TC001_AccountRegistrationTest - **** Starting TC001_AccountRegistrationTest  ****
2025-08-17 16:29:50 [main] ERROR testCases.TC001_AccountRegistrationTest - Test failed: Cannot invoke "org.openqa.selenium.SearchContext.findElement(org.openqa.selenium.By)" because "this.searchContext" is null
2025-08-17 16:29:50 [main] INFO  testCases.TC001_AccountRegistrationTest - ***** Finished TC001_AccountRegistrationTest *****
2025-08-17 16:29:53 [main] INFO  testCases.TC002_LoginTest - ****** Starting TC002_LoginTest ******
2025-08-17 16:29:55 [main] INFO  testCases.TC002_LoginTest - ****** Finished TC002_LoginTest ******
2025-08-17 16:31:55 [main] INFO  org.testng.internal.Utils - [TestNG] Running:
  C:\Users\kitan\Myworkspaces\SeleniumWebdriver\OpencartV121\master.xml

2025-08-17 16:31:59 [main] INFO  testCases.TC001_AccountRegistrationTest - **** Starting TC001_AccountRegistrationTest  ****
2025-08-17 16:31:59 [main] ERROR testCases.TC001_AccountRegistrationTest - Test failed: Cannot invoke "org.openqa.selenium.SearchContext.findElement(org.openqa.selenium.By)" because "this.searchContext" is null
2025-08-17 16:31:59 [main] INFO  testCases.TC001_AccountRegistrationTest - ***** Finished TC001_AccountRegistrationTest *****
2025-08-17 16:32:01 [main] INFO  testCases.TC002_LoginTest - ****** Starting TC002_LoginTest ******
2025-08-17 16:32:03 [main] INFO  testCases.TC002_LoginTest - ****** Finished TC002_LoginTest ******
2025-08-17 16:33:57 [main] INFO  org.testng.internal.Utils - [TestNG] Running:
  C:\Users\kitan\Myworkspaces\SeleniumWebdriver\OpencartV121\master.xml

2025-08-17 16:34:00 [main] INFO  testCases.TC001_AccountRegistrationTest - **** Starting TC001_AccountRegistrationTest  ****
2025-08-17 16:34:00 [main] ERROR testCases.TC001_AccountRegistrationTest - Test failed: Cannot invoke "org.openqa.selenium.SearchContext.findElement(org.openqa.selenium.By)" because "this.searchContext" is null
2025-08-17 16:34:00 [main] INFO  testCases.TC001_AccountRegistrationTest - ***** Finished TC001_AccountRegistrationTest *****
2025-08-17 16:34:03 [main] INFO  testCases.TC002_LoginTest - ****** Starting TC002_LoginTest ******
2025-08-17 16:34:04 [main] INFO  testCases.TC002_LoginTest - ****** Finished TC002_LoginTest ******
2025-08-17 16:37:09 [main] INFO  org.testng.internal.Utils - [TestNG] Running:
  C:\Users\kitan\Myworkspaces\SeleniumWebdriver\OpencartV121\crossbrowsertesting.xml

2025-08-17 16:37:09 [TestNG-tests-3] INFO  testCases.TC001_AccountRegistrationTest - **** Starting TC001_AccountRegistrationTest  ****
2025-08-17 16:37:09 [TestNG-tests-3] ERROR testCases.TC001_AccountRegistrationTest - Test failed: Cannot invoke "org.openqa.selenium.SearchContext.findElement(org.openqa.selenium.By)" because "this.searchContext" is null
2025-08-17 16:37:09 [TestNG-tests-3] INFO  testCases.TC001_AccountRegistrationTest - ***** Finished TC001_AccountRegistrationTest *****
2025-08-17 16:37:19 [TestNG-tests-1] INFO  testCases.TC001_AccountRegistrationTest - **** Starting TC001_AccountRegistrationTest  ****
2025-08-17 16:37:19 [TestNG-tests-1] ERROR testCases.TC001_AccountRegistrationTest - Test failed: Cannot invoke "org.openqa.selenium.SearchContext.findElement(org.openqa.selenium.By)" because "this.searchContext" is null
2025-08-17 16:37:19 [TestNG-tests-1] INFO  testCases.TC001_AccountRegistrationTest - ***** Finished TC001_AccountRegistrationTest *****
2025-08-17 16:37:22 [TestNG-tests-2] INFO  testCases.TC001_AccountRegistrationTest - **** Starting TC001_AccountRegistrationTest  ****
2025-08-17 16:37:22 [TestNG-tests-2] ERROR testCases.TC001_AccountRegistrationTest - Test failed: Cannot invoke "org.openqa.selenium.SearchContext.findElement(org.openqa.selenium.By)" because "this.searchContext" is null
2025-08-17 16:37:22 [TestNG-tests-2] INFO  testCases.TC001_AccountRegistrationTest - ***** Finished TC001_AccountRegistrationTest *****
2025-08-18 17:52:19 [main] INFO  org.testng.internal.Utils - [TestNG] Running:
  C:\Users\kitan\Myworkspaces\SeleniumWebdriver\OpencartV121\grid-docker.xml

2025-08-18 17:52:20 [main] INFO  testCases.TC001_AccountRegistrationTest - **** Starting TC001_AccountRegistrationTest  ****
2025-08-18 17:52:20 [main] ERROR testCases.TC001_AccountRegistrationTest - Test failed: Cannot invoke "org.openqa.selenium.SearchContext.findElement(org.openqa.selenium.By)" because "this.searchContext" is null
2025-08-18 17:52:20 [main] INFO  testCases.TC001_AccountRegistrationTest - ***** Finished TC001_AccountRegistrationTest *****
2025-08-20 18:38:00 [main] INFO  org.testng.internal.Utils - [Utils] MethodGroupsHelper.collectMethodsByGroup() took 1 ms.
2025-08-20 18:38:00 [main] INFO  org.testng.internal.Utils - [Utils] MethodGroupsHelper.sortMethods() took 0 ms.
2025-08-20 18:38:00 [main] INFO  org.testng.internal.Utils - [Utils] MethodGroupsHelper.collectMethodsByGroup() took 0 ms.
2025-08-20 18:38:00 [main] INFO  org.testng.internal.Utils - [Utils] MethodGroupsHelper.sortMethods() took 0 ms.
2025-08-20 18:38:00 [main] INFO  org.testng.internal.Utils - [Utils] MethodGroupsHelper.collectMethodsByGroup() took 0 ms.
2025-08-20 18:38:00 [main] INFO  org.testng.internal.Utils - [Utils] MethodGroupsHelper.sortMethods() took 0 ms.
2025-08-20 18:38:00 [main] INFO  org.testng.internal.Utils - [Utils] MethodGroupsHelper.collectMethodsByGroup() took 0 ms.
2025-08-20 18:38:00 [main] INFO  org.testng.internal.Utils - [Utils] MethodGroupsHelper.sortMethods() took 0 ms.
2025-08-20 18:38:00 [main] INFO  org.testng.internal.Utils - [Utils] MethodGroupsHelper.collectMethodsByGroup() took 5 ms.
2025-08-20 18:38:00 [main] INFO  org.testng.internal.Utils - [Utils] MethodGroupsHelper.sortMethods() took 10 ms.
2025-08-20 18:38:00 [main] INFO  org.testng.internal.Utils - [Utils] MethodGroupsHelper.collectMethodsByGroup() took 0 ms.
2025-08-20 18:38:00 [main] INFO  org.testng.internal.Utils - [Utils] MethodGroupsHelper.sortMethods() took 0 ms.
2025-08-20 18:38:00 [main] INFO  org.testng.internal.Utils - [Utils] MethodGroupsHelper.collectMethodsByGroup() took 0 ms.
2025-08-20 18:38:00 [main] INFO  org.testng.internal.Utils - [Utils] MethodGroupsHelper.sortMethods() took 0 ms.
2025-08-20 18:38:00 [main] INFO  org.testng.internal.Utils - [Utils] MethodGroupsHelper.collectMethodsByGroup() took 0 ms.
2025-08-20 18:38:00 [main] INFO  org.testng.internal.Utils - [Utils] MethodGroupsHelper.sortMethods() took 0 ms.
2025-08-20 18:38:00 [main] INFO  org.testng.internal.Utils - [Utils] MethodGroupsHelper.collectMethodsByGroup() took 0 ms.
2025-08-20 18:38:00 [main] INFO  org.testng.internal.Utils - [Utils] MethodGroupsHelper.sortMethods() took 0 ms.
2025-08-20 18:38:00 [main] INFO  org.testng.internal.Utils - [Utils] MethodGroupsHelper.collectMethodsByGroup() took 0 ms.
2025-08-20 18:38:00 [main] INFO  org.testng.internal.Utils - [Utils] MethodGroupsHelper.sortMethods() took 0 ms.
2025-08-20 18:38:00 [main] INFO  org.testng.internal.Utils - [Utils] MethodGroupsHelper.collectMethodsByGroup() took 0 ms.
2025-08-20 18:38:00 [main] INFO  org.testng.internal.Utils - [Utils] MethodGroupsHelper.sortMethods() took 0 ms.
2025-08-20 18:38:00 [main] INFO  org.testng.internal.Utils - [Utils] MethodGroupsHelper.collectMethodsByGroup() took 0 ms.
2025-08-20 18:38:00 [main] INFO  org.testng.internal.Utils - [Utils] MethodGroupsHelper.sortMethods() took 0 ms.
2025-08-20 18:38:00 [main] INFO  org.testng.internal.Utils - [Utils] MethodGroupsHelper.collectMethodsByGroup() took 0 ms.
2025-08-20 18:38:00 [main] INFO  org.testng.internal.Utils - [Utils] MethodGroupsHelper.sortMethods() took 0 ms.
2025-08-20 18:38:00 [main] INFO  org.testng.internal.Utils - [Utils] MethodGroupsHelper.collectMethodsByGroup() took 0 ms.
2025-08-20 18:38:00 [main] INFO  org.testng.internal.Utils - [Utils] MethodGroupsHelper.sortMethods() took 0 ms.
2025-08-20 18:38:00 [main] INFO  org.testng.internal.Utils - [Utils] MethodGroupsHelper.collectMethodsByGroup() took 0 ms.
2025-08-20 18:38:00 [main] INFO  org.testng.internal.Utils - [Utils] MethodGroupsHelper.sortMethods() took 0 ms.
2025-08-20 18:38:00 [main] INFO  org.testng.internal.Utils - [TestNG] Running:
  C:\Users\kitan\AppData\Local\Temp\testng-eclipse-85850182\testng-customsuite.xml

2025-08-20 18:38:00 [main] INFO  org.testng.internal.Utils - [Utils] DynamicGraphHelper.createDynamicGraph() took 4 ms.
2025-08-20 18:38:00 [main] INFO  org.testng.internal.Utils - [TestNG] Time taken by org.testng.reporters.jq.Main@40f70521: 114 ms
2025-08-20 18:38:00 [main] INFO  org.testng.internal.Utils - [TestNG] Time taken by org.testng.reporters.FailedReporter@5d2a4eed: 20 ms
2025-08-20 18:38:00 [main] INFO  org.testng.internal.Utils - [TestNG] Time taken by org.testng.reporters.XMLReporter@478ee483: 14 ms
2025-08-20 18:38:00 [main] INFO  org.testng.internal.Utils - [TestNG] Time taken by org.testng.reporters.EmailableReporter2@1af146: 11 ms
2025-08-20 18:38:00 [main] INFO  org.testng.internal.Utils - [TestNG] Time taken by org.testng.reporters.JUnitReportReporter@7fc6de5b: 8 ms
2025-08-20 18:38:00 [main] INFO  org.testng.internal.Utils - [TestNG] Time taken by org.testng.internal.ExitCodeListener@21baa903: 0 ms
2025-08-20 18:38:54 [main] INFO  org.testng.internal.Utils - [TestNG] Running:
  C:\Users\kitan\Myworkspaces\SeleniumWebdriver\OpencartV121\master.xml

